<?xml version="1.0" encoding="UTF-8"?>
<testsuite xmlns:xsi="http://www.w3.org/2001/XMLSchema-instance" xsi:noNamespaceSchemaLocation="https://maven.apache.org/surefire/maven-surefire-plugin/xsd/surefire-test-report-3.0.xsd" version="3.0" name="TestSuite" time="84.363" tests="8" errors="0" skipped="0" failures="1">
  <properties>
[...]
</properties>
  <testcase name="endToEndTest" classname="com.myp.gui.EndToEndTest" time="10.267">
    <system-out><![CDATA[____________________________________________________________
Deleting not needed files from folder with path: src\test\resources\reports\
All file are deleted in Directory: src\test\resources\reports\
____________________________________________________________
____________________________________________________________
Deleting not needed files from folder with path: src\test\resources\screenshots\
All file are deleted in Directory: src\test\resources\screenshots\
____________________________________________________________

 _________________________________________________
=== > *** THE IS A END TO END SCENARIO  *** < ===

STEP 1: Open iSkilo site.
DOM tree is fully loaded
Result: The website is open.
STEP 2: Navigate to Registration page.
RESULT: The Page is open and title is visible.
STEP 3: Checking the place holders of the fields
STEP 4: Making a registration.
RESULT: The registration is successful.
STEP 5: Checking that the user is log in after registration.
DOM tree is fully loaded
STEP 7: Verify that the user is on login page.
STEP 8: Checking the placeholders of the login page.
STEP 9: Marking the "remember me" check box.
STEP 10: Entering credentials of the newly registered user and submitting.
STEP 11: Verifying the submit message.
STEP 12: Verifying that the user is log in.
STEP 13: Navigating to "New post".
STEP 14: Upload new post picture.
STEP 15: Enter caption.
STEP 16: Create the new post.
STEP 17: Verifying the post count.
STEP 18: Open the new post.
STEP 19: Verifying that the image is visible and the username is correct.
STEP 20: Deleting the new post
RESULT: The post is deleted
]]></system-out>
    <system-err><![CDATA[SLF4J: Failed to load class "org.slf4j.impl.StaticLoggerBinder".
SLF4J: Defaulting to no-operation (NOP) logger implementation
SLF4J: See http://www.slf4j.org/codes.html#StaticLoggerBinder for further details.
Jul 19, 2024 11:58:13 AM org.openqa.selenium.devtools.CdpVersionFinder findNearestMatch
WARNING: Unable to find an exact match for CDP version 126, returning the closest version; found: 125; Please update to a Selenium version that supports CDP version 126
]]></system-err>
  </testcase>
  <testcase name="verifyAlreadyRegisteredUserCanSuccessfullyLogin" classname="com.myp.gui.LoginTest" time="6.762">
    <system-out><![CDATA[The driver is about to be closed.

 _________________________________________________
=== > *** Verify already registered user can successfully login in the system  *** < ===
STEP 1: Not logged in user has open the ISkilo HomePage.
DOM tree is fully loaded
STEP 2: The user has navigated to ISkilo LoginPage
The user has clicked on element
DOM tree is fully loaded
STEP 3: The user has verified that the LoginPage is open as per requirements 
STEP 5: The user has provided a valid username
DOM tree is fully loaded
STEP 6: The user has provided a valid password
DOM tree is fully loaded
STEP 7: The user has clicked on login submit button
The user has clicked on element
DOM tree is fully loaded
]]></system-out>
    <system-err><![CDATA[Jul 19, 2024 11:58:24 AM org.openqa.selenium.devtools.CdpVersionFinder findNearestMatch
WARNING: Unable to find an exact match for CDP version 126, returning the closest version; found: 125; Please update to a Selenium version that supports CDP version 126
]]></system-err>
  </testcase>
  <testcase name="verifyAlreadyRegisteredUserCanNotSuccessfullyLoginWithWrongPassword" classname="com.myp.gui.LoginTest" time="8.25">
    <system-out><![CDATA[The driver is about to be closed.

 _________________________________________________
=== > *** Verify already registered user can NOT successfully login in the system  with WRONG PASSWORD *** < ===
STEP 1: Not logged in user has open the ISkilo HomePage.
DOM tree is fully loaded
STEP 2: The user has navigated to ISkilo LoginPage
The user has clicked on element
DOM tree is fully loaded
STEP 3: The user has verified that the LoginPage is open as per requirements 
STEP 5: The user has provided a valid username
DOM tree is fully loaded
STEP 6: The user has provided a valid password
DOM tree is fully loaded
STEP 7: The user has clicked on login submit button
The user has clicked on element
DOM tree is fully loaded
]]></system-out>
    <system-err><![CDATA[Jul 19, 2024 11:58:32 AM org.openqa.selenium.devtools.CdpVersionFinder findNearestMatch
WARNING: Unable to find an exact match for CDP version 126, returning the closest version; found: 125; Please update to a Selenium version that supports CDP version 126
]]></system-err>
  </testcase>
  <testcase name="verifyAlreadyRegisteredUserCanNotSuccessfullyLoginWithWrongUsername" classname="com.myp.gui.LoginTest" time="8.999">
    <system-out><![CDATA[The driver is about to be closed.

 _________________________________________________
=== > *** Verify already registered user can NOT successfully login in the system  with WRONG USERNAME *** < ===
STEP 1: Not logged in user has open the ISkilo HomePage.
DOM tree is fully loaded
STEP 2: The user has navigated to ISkilo LoginPage
The user has clicked on element
DOM tree is fully loaded
STEP 3: The user has verified that the LoginPage is open as per requirements 
STEP 5: The user has provided a valid username
DOM tree is fully loaded
STEP 6: The user has provided a valid password
DOM tree is fully loaded
STEP 7: The user has clicked on login submit button
The user has clicked on element
DOM tree is fully loaded
]]></system-out>
    <system-err><![CDATA[Jul 19, 2024 11:58:41 AM org.openqa.selenium.devtools.CdpVersionFinder findNearestMatch
WARNING: Unable to find an exact match for CDP version 126, returning the closest version; found: 125; Please update to a Selenium version that supports CDP version 126
]]></system-err>
  </testcase>
  <testcase name="verifyAlreadyRegisteredUserCanNotSuccessfullyLoginWithNotProvidedCredentials" classname="com.myp.gui.LoginTest" time="7.69">
    <system-out><![CDATA[The driver is about to be closed.

 _________________________________________________
=== > *** Verify already registered user can NOT successfully login in the system  with NO CREDENTIALS *** < ===
STEP 1: Not logged in user has open the ISkilo HomePage.
DOM tree is fully loaded
STEP 2: The user has navigated to ISkilo LoginPage
The user has clicked on element
DOM tree is fully loaded
STEP 3: The user has verified that the LoginPage is open as per requirements 
STEP 5: The user has provided a valid username
DOM tree is fully loaded
STEP 6: The user has provided a valid password
DOM tree is fully loaded
STEP 7: The user has clicked on login submit button
The user has clicked on element
DOM tree is fully loaded
]]></system-out>
    <system-err><![CDATA[Jul 19, 2024 11:58:50 AM org.openqa.selenium.devtools.CdpVersionFinder findNearestMatch
WARNING: Unable to find an exact match for CDP version 126, returning the closest version; found: 125; Please update to a Selenium version that supports CDP version 126
]]></system-err>
  </testcase>
  <testcase name="verifyUserCanCreateNewPostAndDeleteIt[testingDemos, testing, testingDemos, src\test\resources\uploads\testUpload.jpg, Testing create post caption](1)" classname="com.myp.gui.PostTest" time="11.209">
    <failure message="invalid argument: File not found : C:\Users\mpana\Desktop\Automation-Java-Web\Automation Java Web\src\test\resources\uploads\testUpload.jpg&#10;  (Session info: chrome=126.0.6478.127)&#10;Build info: version: &apos;4.21.0&apos;, revision: &apos;79ed462ef4&apos;&#10;System info: os.name: &apos;Windows 11&apos;, os.arch: &apos;amd64&apos;, os.version: &apos;10.0&apos;, java.version: &apos;21.0.1&apos;&#10;Driver info: org.openqa.selenium.chrome.ChromeDriver&#10;Command: [faf2b6fc38511d631bc5ada6d75e86dc, sendKeysToElement {value=[Ljava.lang.CharSequence;@3bbf6abe, id=f.50D76C61A7340F69F6AE3358F3C5E6F0.d.3A611412A62BF149AFF57BE084F0D06C.e.47}]&#10;Capabilities {acceptInsecureCerts: false, browserName: chrome, browserVersion: 126.0.6478.127, chrome: {chromedriverVersion: 126.0.6478.182 (5b5d8292ddf..., userDataDir: C:\Users\mpana\AppData\Loca...}, fedcm:accounts: true, goog:chromeOptions: {debuggerAddress: localhost:62178}, networkConnectionEnabled: false, pageLoadStrategy: normal, platformName: windows, proxy: Proxy(), se:cdp: ws://localhost:62178/devtoo..., se:cdpVersion: 126.0.6478.127, setWindowRect: true, strictFileInteractability: false, timeouts: {implicit: 0, pageLoad: 300000, script: 30000}, unhandledPromptBehavior: dismiss and notify, webauthn:extension:credBlob: true, webauthn:extension:largeBlob: true, webauthn:extension:minPinLength: true, webauthn:extension:prf: true, webauthn:virtualAuthenticators: true}&#10;Element: [[ChromeDriver: chrome on windows (faf2b6fc38511d631bc5ada6d75e86dc)] -&gt; css selector: .file[type=&apos;file&apos;]]&#10;Session ID: faf2b6fc38511d631bc5ada6d75e86dc" type="org.openqa.selenium.InvalidArgumentException"><![CDATA[org.openqa.selenium.InvalidArgumentException: 
invalid argument: File not found : C:\Users\mpana\Desktop\Automation-Java-Web\Automation Java Web\src\test\resources\uploads\testUpload.jpg
  (Session info: chrome=126.0.6478.127)
Build info: version: '4.21.0', revision: '79ed462ef4'
System info: os.name: 'Windows 11', os.arch: 'amd64', os.version: '10.0', java.version: '21.0.1'
Driver info: org.openqa.selenium.chrome.ChromeDriver
Command: [faf2b6fc38511d631bc5ada6d75e86dc, sendKeysToElement {value=[Ljava.lang.CharSequence;@3bbf6abe, id=f.50D76C61A7340F69F6AE3358F3C5E6F0.d.3A611412A62BF149AFF57BE084F0D06C.e.47}]
Capabilities {acceptInsecureCerts: false, browserName: chrome, browserVersion: 126.0.6478.127, chrome: {chromedriverVersion: 126.0.6478.182 (5b5d8292ddf..., userDataDir: C:\Users\mpana\AppData\Loca...}, fedcm:accounts: true, goog:chromeOptions: {debuggerAddress: localhost:62178}, networkConnectionEnabled: false, pageLoadStrategy: normal, platformName: windows, proxy: Proxy(), se:cdp: ws://localhost:62178/devtoo..., se:cdpVersion: 126.0.6478.127, setWindowRect: true, strictFileInteractability: false, timeouts: {implicit: 0, pageLoad: 300000, script: 30000}, unhandledPromptBehavior: dismiss and notify, webauthn:extension:credBlob: true, webauthn:extension:largeBlob: true, webauthn:extension:minPinLength: true, webauthn:extension:prf: true, webauthn:virtualAuthenticators: true}
Element: [[ChromeDriver: chrome on windows (faf2b6fc38511d631bc5ada6d75e86dc)] -> css selector: .file[type='file']]
Session ID: faf2b6fc38511d631bc5ada6d75e86dc
	at java.base/jdk.internal.reflect.DirectConstructorHandleAccessor.newInstance(DirectConstructorHandleAccessor.java:62)
	at java.base/java.lang.reflect.Constructor.newInstanceWithCaller(Constructor.java:502)
	at java.base/java.lang.reflect.Constructor.newInstance(Constructor.java:486)
	at org.openqa.selenium.remote.ErrorCodec.decode(ErrorCodec.java:167)
	at org.openqa.selenium.remote.codec.w3c.W3CHttpResponseCodec.decode(W3CHttpResponseCodec.java:138)
	at org.openqa.selenium.remote.codec.w3c.W3CHttpResponseCodec.decode(W3CHttpResponseCodec.java:50)
	at org.openqa.selenium.remote.HttpCommandExecutor.execute(HttpCommandExecutor.java:190)
	at org.openqa.selenium.remote.service.DriverCommandExecutor.invokeExecute(DriverCommandExecutor.java:216)
	at org.openqa.selenium.remote.service.DriverCommandExecutor.execute(DriverCommandExecutor.java:174)
	at org.openqa.selenium.remote.RemoteWebDriver.execute(RemoteWebDriver.java:518)
	at org.openqa.selenium.remote.RemoteWebElement.execute(RemoteWebElement.java:223)
	at org.openqa.selenium.remote.RemoteWebElement.sendKeys(RemoteWebElement.java:110)
	at java.base/jdk.internal.reflect.DirectMethodHandleAccessor.invoke(DirectMethodHandleAccessor.java:103)
	at java.base/java.lang.reflect.Method.invoke(Method.java:580)
	at org.openqa.selenium.support.pagefactory.internal.LocatingElementHandler.invoke(LocatingElementHandler.java:51)
	at jdk.proxy2/jdk.proxy2.$Proxy12.sendKeys(Unknown Source)
	at com.myp.POM.PostPage.uploadPicture(PostPage.java:53)
	at com.myp.gui.PostTest.verifyUserCanCreateNewPostAndDeleteIt(PostTest.java:59)
	at java.base/jdk.internal.reflect.DirectMethodHandleAccessor.invoke(DirectMethodHandleAccessor.java:103)
	at java.base/java.lang.reflect.Method.invoke(Method.java:580)
	at org.testng.internal.invokers.MethodInvocationHelper.invokeMethod(MethodInvocationHelper.java:141)
	at org.testng.internal.invokers.TestInvoker.invokeMethod(TestInvoker.java:686)
	at org.testng.internal.invokers.TestInvoker.invokeTestMethod(TestInvoker.java:230)
	at org.testng.internal.invokers.MethodRunner.runInSequence(MethodRunner.java:63)
	at org.testng.internal.invokers.TestInvoker$MethodInvocationAgent.invoke(TestInvoker.java:992)
	at org.testng.internal.invokers.TestInvoker.invokeTestMethods(TestInvoker.java:203)
	at org.testng.internal.invokers.TestMethodWorker.invokeTestMethods(TestMethodWorker.java:154)
	at org.testng.internal.invokers.TestMethodWorker.run(TestMethodWorker.java:134)
	at java.base/java.util.ArrayList.forEach(ArrayList.java:1596)
	at org.testng.TestRunner.privateRun(TestRunner.java:739)
	at org.testng.TestRunner.run(TestRunner.java:614)
	at org.testng.SuiteRunner.runTest(SuiteRunner.java:421)
	at org.testng.SuiteRunner.runSequentially(SuiteRunner.java:413)
	at org.testng.SuiteRunner.privateRun(SuiteRunner.java:373)
	at org.testng.SuiteRunner.run(SuiteRunner.java:312)
	at org.testng.SuiteRunnerWorker.runSuite(SuiteRunnerWorker.java:52)
	at org.testng.SuiteRunnerWorker.run(SuiteRunnerWorker.java:95)
	at org.testng.TestNG.runSuitesSequentially(TestNG.java:1274)
	at org.testng.TestNG.runSuitesLocally(TestNG.java:1208)
	at org.testng.TestNG.runSuites(TestNG.java:1112)
	at org.testng.TestNG.run(TestNG.java:1079)
	at org.apache.maven.surefire.testng.TestNGExecutor.run(TestNGExecutor.java:324)
	at org.apache.maven.surefire.testng.TestNGXmlTestSuite.execute(TestNGXmlTestSuite.java:74)
	at org.apache.maven.surefire.testng.TestNGProvider.invoke(TestNGProvider.java:123)
	at org.apache.maven.surefire.booter.ForkedBooter.runSuitesInProcess(ForkedBooter.java:456)
	at org.apache.maven.surefire.booter.ForkedBooter.execute(ForkedBooter.java:169)
	at org.apache.maven.surefire.booter.ForkedBooter.run(ForkedBooter.java:595)
	at org.apache.maven.surefire.booter.ForkedBooter.main(ForkedBooter.java:581)
]]></failure>
    <system-out><![CDATA[The driver is about to be closed.

 _________________________________________________
=== > *** Verify  user can create a new post and delete the new post *** < ===
STEP 1: Open Skillo website home page
DOM tree is fully loaded
DOM tree is fully loaded
 STEP 2: Click on Login button
The user has clicked on element
DOM tree is fully loaded
 STEP 3: Is URL loaded
DOM tree is fully loaded
 STEP 4: Log in with correct credentials
DOM tree is fully loaded
DOM tree is fully loaded
The user has clicked on element
DOM tree is fully loaded
 STEP 5: Waiting for New Post button to be visible
 ACTION @ The user is verifying if the navigation New Post button is presented
CONFIRM # Navigation New Post button is presented to the user
 STEP 6: Click on New Post button
The user has clicked on element
DOM tree is fully loaded
 STEP 7: Upload new picture
]]></system-out>
    <system-err><![CDATA[Jul 19, 2024 11:58:59 AM org.openqa.selenium.devtools.CdpVersionFinder findNearestMatch
WARNING: Unable to find an exact match for CDP version 126, returning the closest version; found: 125; Please update to a Selenium version that supports CDP version 126
]]></system-err>
  </testcase>
  <testcase name="verifyUserCanRegisterWithValidData" classname="com.myp.gui.RegistrationTest" time="17.797">
    <system-out><![CDATA[The driver is about to be closed.

 _________________________________________________
=== > *** Verify user cn registered in the system with valid data *** < ===
THE RANDOM GENERATED USERNAME IS: 316Student
THE RANDOM GENERATED EMAIL IS: 115911316@abv.bg
STEP 1: Not logged in user has open the ISkilo HomePage.
DOM tree is fully loaded
STEP 2: The user has navigated to ISkilo LoginPage
The user has clicked on element
DOM tree is fully loaded
STEP 3: The user has clicked Register
The user has clicked on element
DOM tree is fully loaded
STEP 4: The user provides registration data
DOM tree is fully loaded
DOM tree is fully loaded
DOM tree is fully loaded
DOM tree is fully loaded
The user has clicked on element
DOM tree is fully loaded
STEP 4: Verify the user is successfully logged in after registration
]]></system-out>
    <system-err><![CDATA[Jul 19, 2024 11:59:11 AM org.openqa.selenium.devtools.CdpVersionFinder findNearestMatch
WARNING: Unable to find an exact match for CDP version 126, returning the closest version; found: 125; Please update to a Selenium version that supports CDP version 126
]]></system-err>
  </testcase>
  <testcase name="verifyUserCanNotRegisterWithINValidData" classname="com.myp.gui.RegistrationTest" time="6.709">
    <system-out><![CDATA[The driver is about to be closed.

 _________________________________________________
=== > *** Verify user cannot register in the system with invalid data *** < ===
THE RANDOM GENERATED USERNAME IS: W
THE RANDOM GENERATED EMAIL IS: WRONG
STEP 1: Not logged in user has open the ISkilo HomePage.
DOM tree is fully loaded
STEP 2: The user has navigated to ISkilo LoginPage
The user has clicked on element
DOM tree is fully loaded
STEP 3: The user has clicked Register
The user has clicked on element
DOM tree is fully loaded
STEP 4: The user provides registration data
DOM tree is fully loaded
DOM tree is fully loaded
DOM tree is fully loaded
DOM tree is fully loaded
The user has clicked on element
DOM tree is fully loaded
STEP 4: Verify the user is successfully logged in after registration
]]></system-out>
    <system-err><![CDATA[Jul 19, 2024 11:59:29 AM org.openqa.selenium.devtools.CdpVersionFinder findNearestMatch
WARNING: Unable to find an exact match for CDP version 126, returning the closest version; found: 125; Please update to a Selenium version that supports CDP version 126
]]></system-err>
  </testcase>
</testsuite>