<?xml version="1.0" encoding="UTF-8"?>
<testsuite xmlns:xsi="http://www.w3.org/2001/XMLSchema-instance" xsi:noNamespaceSchemaLocation="https://maven.apache.org/surefire/maven-surefire-plugin/xsd/surefire-test-report-3.0.xsd" version="3.0" name="TestSuite" time="96.426" tests="14" errors="0" skipped="0" failures="5">
  <properties>
[...]
</properties>
  <testcase name="endToEndTest[src\test\resources\uploads\testUpload.jpg, Testing create post caption](1)" classname="com.myp.gui.EndToEndTest" time="7.592">
    <system-out><![CDATA[All files are deleted in Directory: src/test/resources/reports/
All files are deleted in Directory: src/test/resources/screenshots/

 _________________________________________________
=== > *** THE IS A END TO END SCENARIO  *** < ===

STEP 1: Open iSkilo site.
DOM tree is fully loaded
ACTION @ The user is verifying if the Home page is opened
CONFIRM # Home page is opened
Result: The website is open.
STEP 2: Navigate to Registration page.
STEP 3: Verify the registration page.
Result: Registration page is verified with correct placeholders.
STEP 4: Making a registration.
The user has clicked on element
STEP 5: Checking that the user is logged in after registration.
DOM tree is fully loaded
STEP:6 Login out
The user has clicked on element
RESULT: The user is logged out
STEP 7: Verify that the user is on login page.
STEP 8: Checking the placeholders of the login page.
STEP 9: Marking the 'remember me' check box.
Remember me is selected
STEP 10: Entering credentials of the newly registered user and submitting.
The user has clicked on element
STEP 11: Verifying the submit message.
STEP 13: Navigating to 'New post'.
The user has clicked on element
STEP 14: Upload new post picture.
CONFIRMATION # The file was successfully uploaded
STEP 15: Enter caption.
CONFIRMATION # The user has provided caption text :Testing create post caption
STEP 16: Create the new post.
CONFIRMATION # The user has clicked on create post button
STEP 17: Verifying the post count.
The user has clicked on element
STEP 18: Open the new post.
The user has clicked on element
The user has clicked on element
STEP 19: Verifying that the image is visible and the username is correct.
STEP 20: Deleting the new post.
Delete link is displayed: true
Delete link is enabled: true
DOM tree is fully loaded
Confirm delete button is displayed: true
Confirm delete button is enabled: true
DOM tree is fully loaded
RESULT: The post is deleted.
]]></system-out>
    <system-err><![CDATA[SLF4J: Failed to load class "org.slf4j.impl.StaticLoggerBinder".
SLF4J: Defaulting to no-operation (NOP) logger implementation
SLF4J: See http://www.slf4j.org/codes.html#StaticLoggerBinder for further details.
Aug 06, 2024 12:27:24 PM org.openqa.selenium.devtools.CdpVersionFinder findNearestMatch
WARNING: Unable to find an exact match for CDP version 127, returning the closest version; found: 125; Please update to a Selenium version that supports CDP version 127
]]></system-err>
  </testcase>
  <testcase name="verifyAlreadyRegisteredUserCanSuccessfullyLogin" classname="com.myp.gui.LoginTest" time="2.944">
    <system-out><![CDATA[The driver is about to be closed.

 _________________________________________________
=== > *** Verify already registered user can successfully login in the system *** < ===
STEP 1: Open home page
DOM tree is fully loaded
ACTION @ The user is verifying if the Home page is opened
CONFIRM # Home page is opened
STEP 2: Click on navigation login button
The user has clicked on element
STEP 3: Verify login page is opened
STEP 4: Provide username: megamare
STEP 5: Provide password
STEP 6: Wait for the page to fully load
DOM tree is fully loaded
STEP 7: Click submit button
The user has clicked on element
STEP 8: Verify user is logged in
]]></system-out>
    <system-err><![CDATA[Aug 06, 2024 12:27:33 PM org.openqa.selenium.devtools.CdpVersionFinder findNearestMatch
WARNING: Unable to find an exact match for CDP version 127, returning the closest version; found: 125; Please update to a Selenium version that supports CDP version 127
]]></system-err>
  </testcase>
  <testcase name="verifyAlreadyRegisteredUserCanNotSuccessfullyLoginWithWrongPassword" classname="com.myp.gui.LoginTest" time="2.466">
    <failure message="expected [Successful login!] but found [Ivalid password]" type="java.lang.AssertionError"><![CDATA[java.lang.AssertionError: expected [Successful login!] but found [Ivalid password]
	at org.testng.Assert.fail(Assert.java:111)
	at org.testng.Assert.failNotEquals(Assert.java:1578)
	at org.testng.Assert.assertEqualsImpl(Assert.java:150)
	at org.testng.Assert.assertEquals(Assert.java:132)
	at org.testng.Assert.assertEquals(Assert.java:656)
	at org.testng.Assert.assertEquals(Assert.java:666)
	at com.myp.POM.LoginPage.msgStatusAfterSubmitSuccessfulLogin(LoginPage.java:95)
	at com.myp.gui.LoginTest.verifyAlreadyRegisteredUserCanNotSuccessfullyLoginWithWrongPassword(LoginTest.java:75)
	at java.base/jdk.internal.reflect.DirectMethodHandleAccessor.invoke(DirectMethodHandleAccessor.java:103)
	at java.base/java.lang.reflect.Method.invoke(Method.java:580)
	at org.testng.internal.invokers.MethodInvocationHelper.invokeMethod(MethodInvocationHelper.java:141)
	at org.testng.internal.invokers.TestInvoker.invokeMethod(TestInvoker.java:686)
	at org.testng.internal.invokers.TestInvoker.invokeTestMethod(TestInvoker.java:230)
	at org.testng.internal.invokers.MethodRunner.runInSequence(MethodRunner.java:63)
	at org.testng.internal.invokers.TestInvoker$MethodInvocationAgent.invoke(TestInvoker.java:992)
	at org.testng.internal.invokers.TestInvoker.invokeTestMethods(TestInvoker.java:203)
	at org.testng.internal.invokers.TestMethodWorker.invokeTestMethods(TestMethodWorker.java:154)
	at org.testng.internal.invokers.TestMethodWorker.run(TestMethodWorker.java:134)
	at java.base/java.util.ArrayList.forEach(ArrayList.java:1596)
	at org.testng.TestRunner.privateRun(TestRunner.java:739)
	at org.testng.TestRunner.run(TestRunner.java:614)
	at org.testng.SuiteRunner.runTest(SuiteRunner.java:421)
	at org.testng.SuiteRunner.runSequentially(SuiteRunner.java:413)
	at org.testng.SuiteRunner.privateRun(SuiteRunner.java:373)
	at org.testng.SuiteRunner.run(SuiteRunner.java:312)
	at org.testng.SuiteRunnerWorker.runSuite(SuiteRunnerWorker.java:52)
	at org.testng.SuiteRunnerWorker.run(SuiteRunnerWorker.java:95)
	at org.testng.TestNG.runSuitesSequentially(TestNG.java:1274)
	at org.testng.TestNG.runSuitesLocally(TestNG.java:1208)
	at org.testng.TestNG.runSuites(TestNG.java:1112)
	at org.testng.TestNG.run(TestNG.java:1079)
	at org.apache.maven.surefire.testng.TestNGExecutor.run(TestNGExecutor.java:324)
	at org.apache.maven.surefire.testng.TestNGXmlTestSuite.execute(TestNGXmlTestSuite.java:74)
	at org.apache.maven.surefire.testng.TestNGProvider.invoke(TestNGProvider.java:123)
	at org.apache.maven.surefire.booter.ForkedBooter.runSuitesInProcess(ForkedBooter.java:456)
	at org.apache.maven.surefire.booter.ForkedBooter.execute(ForkedBooter.java:169)
	at org.apache.maven.surefire.booter.ForkedBooter.run(ForkedBooter.java:595)
	at org.apache.maven.surefire.booter.ForkedBooter.main(ForkedBooter.java:581)
]]></failure>
    <system-out><![CDATA[The driver is about to be closed.

 _________________________________________________
=== > *** Verify already registered user cannot successfully login with wrong password *** < ===
STEP 1: Open home page
DOM tree is fully loaded
ACTION @ The user is verifying if the Home page is opened
CONFIRM # Home page is opened
STEP 2: Click on navigation login button
The user has clicked on element
STEP 3: Verify login page is opened
STEP 4: Provide username: megamare
STEP 5: Provide incorrect password
STEP 6: Click submit button
The user has clicked on element
STEP 7: Verify user is not logged in
]]></system-out>
    <system-err><![CDATA[Aug 06, 2024 12:27:37 PM org.openqa.selenium.devtools.CdpVersionFinder findNearestMatch
WARNING: Unable to find an exact match for CDP version 127, returning the closest version; found: 125; Please update to a Selenium version that supports CDP version 127
]]></system-err>
  </testcase>
  <testcase name="verifyAlreadyRegisteredUserCanNotSuccessfullyLoginWithWrongUsername" classname="com.myp.gui.LoginTest" time="21.631">
    <failure message="Expected condition failed: waiting for visibility of Proxy element for: DefaultElementLocator &apos;By.name: usernameOrEmail&apos; (tried for 10 second(s) with 500 milliseconds interval)" type="org.openqa.selenium.TimeoutException"><![CDATA[org.openqa.selenium.TimeoutException: Expected condition failed: waiting for visibility of Proxy element for: DefaultElementLocator 'By.name: usernameOrEmail' (tried for 10 second(s) with 500 milliseconds interval)
	at org.openqa.selenium.support.ui.WebDriverWait.timeoutException(WebDriverWait.java:84)
	at org.openqa.selenium.support.ui.FluentWait.until(FluentWait.java:228)
	at com.myp.POM.CommonMethodsForPOM.typeTextInField(CommonMethodsForPOM.java:40)
	at com.myp.POM.LoginPage.provideUserName(LoginPage.java:74)
	at com.myp.gui.LoginTest.verifyAlreadyRegisteredUserCanNotSuccessfullyLoginWithWrongUsername(LoginTest.java:90)
	at java.base/jdk.internal.reflect.DirectMethodHandleAccessor.invoke(DirectMethodHandleAccessor.java:103)
	at java.base/java.lang.reflect.Method.invoke(Method.java:580)
	at org.testng.internal.invokers.MethodInvocationHelper.invokeMethod(MethodInvocationHelper.java:141)
	at org.testng.internal.invokers.TestInvoker.invokeMethod(TestInvoker.java:686)
	at org.testng.internal.invokers.TestInvoker.invokeTestMethod(TestInvoker.java:230)
	at org.testng.internal.invokers.MethodRunner.runInSequence(MethodRunner.java:63)
	at org.testng.internal.invokers.TestInvoker$MethodInvocationAgent.invoke(TestInvoker.java:992)
	at org.testng.internal.invokers.TestInvoker.invokeTestMethods(TestInvoker.java:203)
	at org.testng.internal.invokers.TestMethodWorker.invokeTestMethods(TestMethodWorker.java:154)
	at org.testng.internal.invokers.TestMethodWorker.run(TestMethodWorker.java:134)
	at java.base/java.util.ArrayList.forEach(ArrayList.java:1596)
	at org.testng.TestRunner.privateRun(TestRunner.java:739)
	at org.testng.TestRunner.run(TestRunner.java:614)
	at org.testng.SuiteRunner.runTest(SuiteRunner.java:421)
	at org.testng.SuiteRunner.runSequentially(SuiteRunner.java:413)
	at org.testng.SuiteRunner.privateRun(SuiteRunner.java:373)
	at org.testng.SuiteRunner.run(SuiteRunner.java:312)
	at org.testng.SuiteRunnerWorker.runSuite(SuiteRunnerWorker.java:52)
	at org.testng.SuiteRunnerWorker.run(SuiteRunnerWorker.java:95)
	at org.testng.TestNG.runSuitesSequentially(TestNG.java:1274)
	at org.testng.TestNG.runSuitesLocally(TestNG.java:1208)
	at org.testng.TestNG.runSuites(TestNG.java:1112)
	at org.testng.TestNG.run(TestNG.java:1079)
	at org.apache.maven.surefire.testng.TestNGExecutor.run(TestNGExecutor.java:324)
	at org.apache.maven.surefire.testng.TestNGXmlTestSuite.execute(TestNGXmlTestSuite.java:74)
	at org.apache.maven.surefire.testng.TestNGProvider.invoke(TestNGProvider.java:123)
	at org.apache.maven.surefire.booter.ForkedBooter.runSuitesInProcess(ForkedBooter.java:456)
	at org.apache.maven.surefire.booter.ForkedBooter.execute(ForkedBooter.java:169)
	at org.apache.maven.surefire.booter.ForkedBooter.run(ForkedBooter.java:595)
	at org.apache.maven.surefire.booter.ForkedBooter.main(ForkedBooter.java:581)
Caused by: org.openqa.selenium.NoSuchElementException: no such element: Unable to locate element: {"method":"css selector","selector":"*[name='usernameOrEmail']"}
  (Session info: chrome=127.0.6533.89)
For documentation on this error, please visit: https://www.selenium.dev/documentation/webdriver/troubleshooting/errors#no-such-element-exception
Build info: version: '4.21.0', revision: '79ed462ef4'
System info: os.name: 'Windows 11', os.arch: 'amd64', os.version: '10.0', java.version: '21.0.1'
Driver info: org.openqa.selenium.chrome.ChromeDriver
Command: [898f3bd5eeaa1cb6105843456aeba858, findElement {value=usernameOrEmail, using=name}]
Capabilities {acceptInsecureCerts: false, browserName: chrome, browserVersion: 127.0.6533.89, chrome: {chromedriverVersion: 127.0.6533.88 (a2d0cb026721..., userDataDir: C:\Users\mpana\AppData\Loca...}, fedcm:accounts: true, goog:chromeOptions: {debuggerAddress: localhost:52969}, networkConnectionEnabled: false, pageLoadStrategy: normal, platformName: windows, proxy: Proxy(), se:cdp: ws://localhost:52969/devtoo..., se:cdpVersion: 127.0.6533.89, setWindowRect: true, strictFileInteractability: false, timeouts: {implicit: 0, pageLoad: 300000, script: 30000}, unhandledPromptBehavior: dismiss and notify, webauthn:extension:credBlob: true, webauthn:extension:largeBlob: true, webauthn:extension:minPinLength: true, webauthn:extension:prf: true, webauthn:virtualAuthenticators: true}
Session ID: 898f3bd5eeaa1cb6105843456aeba858
	at java.base/jdk.internal.reflect.DirectConstructorHandleAccessor.newInstance(DirectConstructorHandleAccessor.java:62)
	at java.base/java.lang.reflect.Constructor.newInstanceWithCaller(Constructor.java:502)
	at java.base/java.lang.reflect.Constructor.newInstance(Constructor.java:486)
	at org.openqa.selenium.remote.ErrorCodec.decode(ErrorCodec.java:167)
	at org.openqa.selenium.remote.codec.w3c.W3CHttpResponseCodec.decode(W3CHttpResponseCodec.java:138)
	at org.openqa.selenium.remote.codec.w3c.W3CHttpResponseCodec.decode(W3CHttpResponseCodec.java:50)
	at org.openqa.selenium.remote.HttpCommandExecutor.execute(HttpCommandExecutor.java:190)
	at org.openqa.selenium.remote.service.DriverCommandExecutor.invokeExecute(DriverCommandExecutor.java:216)
	at org.openqa.selenium.remote.service.DriverCommandExecutor.execute(DriverCommandExecutor.java:174)
	at org.openqa.selenium.remote.RemoteWebDriver.execute(RemoteWebDriver.java:518)
	at org.openqa.selenium.remote.ElementLocation$ElementFinder$2.findElement(ElementLocation.java:165)
	at org.openqa.selenium.remote.ElementLocation.findElement(ElementLocation.java:59)
	at org.openqa.selenium.remote.RemoteWebDriver.findElement(RemoteWebDriver.java:355)
	at org.openqa.selenium.remote.RemoteWebDriver.findElement(RemoteWebDriver.java:349)
	at org.openqa.selenium.support.pagefactory.DefaultElementLocator.findElement(DefaultElementLocator.java:68)
	at org.openqa.selenium.support.pagefactory.internal.LocatingElementHandler.invoke(LocatingElementHandler.java:38)
	at jdk.proxy2/jdk.proxy2.$Proxy12.isDisplayed(Unknown Source)
	at org.openqa.selenium.support.ui.ExpectedConditions.elementIfVisible(ExpectedConditions.java:304)
	at org.openqa.selenium.support.ui.ExpectedConditions$10.apply(ExpectedConditions.java:290)
	at org.openqa.selenium.support.ui.ExpectedConditions$10.apply(ExpectedConditions.java:287)
	at org.openqa.selenium.support.ui.FluentWait.until(FluentWait.java:203)
	... 33 more
]]></failure>
    <system-out><![CDATA[Screenshot saved at: src\test\resources\screenshots\verifyAlreadyRegisteredUserCanNotSuccessfullyLoginWithWrongPassword.jpg
The driver is about to be closed.

 _________________________________________________
=== > *** Verify already registered user cannot successfully login with wrong username *** < ===
STEP 1: Open login page directly
STEP 2: Provide incorrect username: WRONG
]]></system-out>
    <system-err><![CDATA[Aug 06, 2024 12:27:41 PM org.openqa.selenium.devtools.CdpVersionFinder findNearestMatch
WARNING: Unable to find an exact match for CDP version 127, returning the closest version; found: 125; Please update to a Selenium version that supports CDP version 127
]]></system-err>
  </testcase>
  <testcase name="verifyUserCanSuccessfullyLogout" classname="com.myp.gui.LoginTest" time="12.295">
    <system-out><![CDATA[Screenshot saved at: src\test\resources\screenshots\verifyAlreadyRegisteredUserCanNotSuccessfullyLoginWithWrongUsername.jpg
The driver is about to be closed.

 _________________________________________________
=== > *** Verify user can successfully logout from the system *** < ===
STEP 1: Open home page
DOM tree is fully loaded
STEP 2: Click on navigation login button
The user has clicked on element
STEP 3: Provide username: megamare
STEP 4: Provide password
STEP 5: Wait for the page to fully load
DOM tree is fully loaded
STEP 6: Click submit button
The user has clicked on element
STEP 7: Verify user is logged in
STEP 8: Click on logout button
The user has clicked on element
STEP 9: Verify home page is opened after logout
ACTION @ The user is verifying if the Home page is opened
ERROR ! Home page is not opened
]]></system-out>
    <system-err><![CDATA[Aug 06, 2024 12:28:04 PM org.openqa.selenium.devtools.CdpVersionFinder findNearestMatch
WARNING: Unable to find an exact match for CDP version 127, returning the closest version; found: 125; Please update to a Selenium version that supports CDP version 127
]]></system-err>
  </testcase>
  <testcase name="verifyUnregisteredUserCannotLogin" classname="com.myp.gui.LoginTest" time="2.639">
    <failure message="expected [Successful login!] but found [User not found]" type="java.lang.AssertionError"><![CDATA[java.lang.AssertionError: expected [Successful login!] but found [User not found]
	at org.testng.Assert.fail(Assert.java:111)
	at org.testng.Assert.failNotEquals(Assert.java:1578)
	at org.testng.Assert.assertEqualsImpl(Assert.java:150)
	at org.testng.Assert.assertEquals(Assert.java:132)
	at org.testng.Assert.assertEquals(Assert.java:656)
	at org.testng.Assert.assertEquals(Assert.java:666)
	at com.myp.POM.LoginPage.msgStatusAfterSubmitSuccessfulLogin(LoginPage.java:95)
	at com.myp.gui.LoginTest.verifyUnregisteredUserCannotLogin(LoginTest.java:170)
	at java.base/jdk.internal.reflect.DirectMethodHandleAccessor.invoke(DirectMethodHandleAccessor.java:103)
	at java.base/java.lang.reflect.Method.invoke(Method.java:580)
	at org.testng.internal.invokers.MethodInvocationHelper.invokeMethod(MethodInvocationHelper.java:141)
	at org.testng.internal.invokers.TestInvoker.invokeMethod(TestInvoker.java:686)
	at org.testng.internal.invokers.TestInvoker.invokeTestMethod(TestInvoker.java:230)
	at org.testng.internal.invokers.MethodRunner.runInSequence(MethodRunner.java:63)
	at org.testng.internal.invokers.TestInvoker$MethodInvocationAgent.invoke(TestInvoker.java:992)
	at org.testng.internal.invokers.TestInvoker.invokeTestMethods(TestInvoker.java:203)
	at org.testng.internal.invokers.TestMethodWorker.invokeTestMethods(TestMethodWorker.java:154)
	at org.testng.internal.invokers.TestMethodWorker.run(TestMethodWorker.java:134)
	at java.base/java.util.ArrayList.forEach(ArrayList.java:1596)
	at org.testng.TestRunner.privateRun(TestRunner.java:739)
	at org.testng.TestRunner.run(TestRunner.java:614)
	at org.testng.SuiteRunner.runTest(SuiteRunner.java:421)
	at org.testng.SuiteRunner.runSequentially(SuiteRunner.java:413)
	at org.testng.SuiteRunner.privateRun(SuiteRunner.java:373)
	at org.testng.SuiteRunner.run(SuiteRunner.java:312)
	at org.testng.SuiteRunnerWorker.runSuite(SuiteRunnerWorker.java:52)
	at org.testng.SuiteRunnerWorker.run(SuiteRunnerWorker.java:95)
	at org.testng.TestNG.runSuitesSequentially(TestNG.java:1274)
	at org.testng.TestNG.runSuitesLocally(TestNG.java:1208)
	at org.testng.TestNG.runSuites(TestNG.java:1112)
	at org.testng.TestNG.run(TestNG.java:1079)
	at org.apache.maven.surefire.testng.TestNGExecutor.run(TestNGExecutor.java:324)
	at org.apache.maven.surefire.testng.TestNGXmlTestSuite.execute(TestNGXmlTestSuite.java:74)
	at org.apache.maven.surefire.testng.TestNGProvider.invoke(TestNGProvider.java:123)
	at org.apache.maven.surefire.booter.ForkedBooter.runSuitesInProcess(ForkedBooter.java:456)
	at org.apache.maven.surefire.booter.ForkedBooter.execute(ForkedBooter.java:169)
	at org.apache.maven.surefire.booter.ForkedBooter.run(ForkedBooter.java:595)
	at org.apache.maven.surefire.booter.ForkedBooter.main(ForkedBooter.java:581)
]]></failure>
    <system-out><![CDATA[The driver is about to be closed.

 _________________________________________________
=== > *** Verify unregistered user cannot login in the system *** < ===
STEP 1: Open home page
DOM tree is fully loaded
ACTION @ The user is verifying if the Home page is opened
CONFIRM # Home page is opened
STEP 2: Click on navigation login button
The user has clicked on element
STEP 3: Verify login page is opened
STEP 4: Provide username: unregisteredUser
STEP 5: Provide password
STEP 6: Click submit button
The user has clicked on element
STEP 7: Verify unregistered user cannot login
]]></system-out>
    <system-err><![CDATA[Aug 06, 2024 12:28:17 PM org.openqa.selenium.devtools.CdpVersionFinder findNearestMatch
WARNING: Unable to find an exact match for CDP version 127, returning the closest version; found: 125; Please update to a Selenium version that supports CDP version 127
]]></system-err>
  </testcase>
  <testcase name="verifyUserCannotLoginWithEmptyCredentials" classname="com.myp.gui.LoginTest" time="3.298">
    <failure message="expected [Successful login!] but found [UsernameOrEmail cannot be empty]" type="java.lang.AssertionError"><![CDATA[java.lang.AssertionError: expected [Successful login!] but found [UsernameOrEmail cannot be empty]
	at org.testng.Assert.fail(Assert.java:111)
	at org.testng.Assert.failNotEquals(Assert.java:1578)
	at org.testng.Assert.assertEqualsImpl(Assert.java:150)
	at org.testng.Assert.assertEquals(Assert.java:132)
	at org.testng.Assert.assertEquals(Assert.java:656)
	at org.testng.Assert.assertEquals(Assert.java:666)
	at com.myp.POM.LoginPage.msgStatusAfterSubmitSuccessfulLogin(LoginPage.java:95)
	at com.myp.gui.LoginTest.verifyUserCannotLoginWithEmptyCredentials(LoginTest.java:200)
	at java.base/jdk.internal.reflect.DirectMethodHandleAccessor.invoke(DirectMethodHandleAccessor.java:103)
	at java.base/java.lang.reflect.Method.invoke(Method.java:580)
	at org.testng.internal.invokers.MethodInvocationHelper.invokeMethod(MethodInvocationHelper.java:141)
	at org.testng.internal.invokers.TestInvoker.invokeMethod(TestInvoker.java:686)
	at org.testng.internal.invokers.TestInvoker.invokeTestMethod(TestInvoker.java:230)
	at org.testng.internal.invokers.MethodRunner.runInSequence(MethodRunner.java:63)
	at org.testng.internal.invokers.TestInvoker$MethodInvocationAgent.invoke(TestInvoker.java:992)
	at org.testng.internal.invokers.TestInvoker.invokeTestMethods(TestInvoker.java:203)
	at org.testng.internal.invokers.TestMethodWorker.invokeTestMethods(TestMethodWorker.java:154)
	at org.testng.internal.invokers.TestMethodWorker.run(TestMethodWorker.java:134)
	at java.base/java.util.ArrayList.forEach(ArrayList.java:1596)
	at org.testng.TestRunner.privateRun(TestRunner.java:739)
	at org.testng.TestRunner.run(TestRunner.java:614)
	at org.testng.SuiteRunner.runTest(SuiteRunner.java:421)
	at org.testng.SuiteRunner.runSequentially(SuiteRunner.java:413)
	at org.testng.SuiteRunner.privateRun(SuiteRunner.java:373)
	at org.testng.SuiteRunner.run(SuiteRunner.java:312)
	at org.testng.SuiteRunnerWorker.runSuite(SuiteRunnerWorker.java:52)
	at org.testng.SuiteRunnerWorker.run(SuiteRunnerWorker.java:95)
	at org.testng.TestNG.runSuitesSequentially(TestNG.java:1274)
	at org.testng.TestNG.runSuitesLocally(TestNG.java:1208)
	at org.testng.TestNG.runSuites(TestNG.java:1112)
	at org.testng.TestNG.run(TestNG.java:1079)
	at org.apache.maven.surefire.testng.TestNGExecutor.run(TestNGExecutor.java:324)
	at org.apache.maven.surefire.testng.TestNGXmlTestSuite.execute(TestNGXmlTestSuite.java:74)
	at org.apache.maven.surefire.testng.TestNGProvider.invoke(TestNGProvider.java:123)
	at org.apache.maven.surefire.booter.ForkedBooter.runSuitesInProcess(ForkedBooter.java:456)
	at org.apache.maven.surefire.booter.ForkedBooter.execute(ForkedBooter.java:169)
	at org.apache.maven.surefire.booter.ForkedBooter.run(ForkedBooter.java:595)
	at org.apache.maven.surefire.booter.ForkedBooter.main(ForkedBooter.java:581)
]]></failure>
    <system-out><![CDATA[Screenshot saved at: src\test\resources\screenshots\verifyUnregisteredUserCannotLogin.jpg
The driver is about to be closed.

 _________________________________________________
=== > *** Verify user cannot login with empty credentials *** < ===
STEP 1: Open home page
DOM tree is fully loaded
ACTION @ The user is verifying if the Home page is opened
CONFIRM # Home page is opened
STEP 2: Click on navigation login button
The user has clicked on element
STEP 3: Verify login page is opened
STEP 4: Provide empty username
STEP 5: Provide empty password
STEP 6: Click submit button
The user has clicked on element
STEP 7: Verify user cannot login with empty credentials
]]></system-out>
    <system-err><![CDATA[Aug 06, 2024 12:28:21 PM org.openqa.selenium.devtools.CdpVersionFinder findNearestMatch
WARNING: Unable to find an exact match for CDP version 127, returning the closest version; found: 125; Please update to a Selenium version that supports CDP version 127
]]></system-err>
  </testcase>
  <testcase name="verifyUserCanCreateAndCommentOnPost[megamare, ortoparisi, megamare, src\test\resources\uploads\testUpload.jpg, Testing create post caption, This is a test comment](1)" classname="com.myp.gui.PostCommentDelete" time="5.61">
    <system-out><![CDATA[Screenshot saved at: src\test\resources\screenshots\verifyUserCannotLoginWithEmptyCredentials.jpg
The driver is about to be closed.

 _________________________________________________
=== > *** Verify user can create and comment on a post *** < ===
STEP 1: Open home page
DOM tree is fully loaded
DOM tree is fully loaded
STEP 2: Click on navigation login button
The user has clicked on element
DOM tree is fully loaded
STEP 3: Log in with credentials - User: megamare
The user has clicked on element
STEP 4: Verify new post button is shown
ACTION @ The user is verifying if the navigation New Post button is presented
CONFIRM # Navigation New Post button is presented to the user
STEP 5: Click on new post button
The user has clicked on element
STEP 6: Upload picture from file: C:\Users\mpana\Desktop\Automation-Java-Web\Automation Java Web\src\test\resources\uploads\testUpload.jpg
CONFIRMATION # The file was successfully uploaded
STEP 7: Provide post caption: Testing create post caption
CONFIRMATION # The user has provided caption text :Testing create post caption
STEP 8: Click create post button
CONFIRMATION # The user has clicked on create post button
STEP 9: Click on the first post in profile page
STEP 10: Verify the image is visible
STEP 11: Verify the post username: megamare
STEP 12: Add comment: This is a test comment
STEP 13: Submit comment
STEP 14: Verify the comment is visible
]]></system-out>
    <system-err><![CDATA[Aug 06, 2024 12:28:25 PM org.openqa.selenium.devtools.CdpVersionFinder findNearestMatch
WARNING: Unable to find an exact match for CDP version 127, returning the closest version; found: 125; Please update to a Selenium version that supports CDP version 127
]]></system-err>
  </testcase>
  <testcase name="verifyPostModalDetails" classname="com.myp.gui.PostTest" time="3.973">
    <system-out><![CDATA[The driver is about to be closed.

 _________________________________________________
=== > *** Verify post modal details *** < ===
STEP 1: Open Skillo website home page
DOM tree is fully loaded
DOM tree is fully loaded
STEP 2: Click on Login button
The user has clicked on element
STEP 3: Is URL loaded
DOM tree is fully loaded
STEP 4: Log in with correct credentials
The user has clicked on element
STEP 5: Waiting for New Post button to be visible
ACTION @ The user is verifying if the navigation New Post button is presented
CONFIRM # Navigation New Post button is presented to the user
STEP 6: Click on the first post
The user has clicked on element
STEP 7: Verifying post modal details
Post modal details verified successfully.
]]></system-out>
    <system-err><![CDATA[Aug 06, 2024 12:28:32 PM org.openqa.selenium.devtools.CdpVersionFinder findNearestMatch
WARNING: Unable to find an exact match for CDP version 127, returning the closest version; found: 125; Please update to a Selenium version that supports CDP version 127
]]></system-err>
  </testcase>
  <testcase name="verifyUserCanRegisterWithValidData" classname="com.myp.gui.RegistrationTest" time="4.134">
    <system-out><![CDATA[The driver is about to be closed.

 _________________________________________________
=== > *** Verify user can register in the system with valid data *** < ===
THE RANDOM GENERATED USERNAME IS: 907Student
THE RANDOM GENERATED EMAIL IS: 122837907@abv.bg
STEP 1: Not logged in user has opened the ISkilo HomePage.
DOM tree is fully loaded
The user has clicked on element
STEP 3: The user has clicked Register
The user has clicked on element
STEP 4: The user provides registration data
The user has clicked on element
STEP 5: Verify the user is successfully logged in after registration
The user has clicked on element
User registration and login successful with username: 907Student
]]></system-out>
    <system-err><![CDATA[Aug 06, 2024 12:28:37 PM org.openqa.selenium.devtools.CdpVersionFinder findNearestMatch
WARNING: Unable to find an exact match for CDP version 127, returning the closest version; found: 125; Please update to a Selenium version that supports CDP version 127
]]></system-err>
  </testcase>
  <testcase name="verifyUserCannotRegisterWithInvalidData" classname="com.myp.gui.RegistrationTest" time="2.611">
    <system-out><![CDATA[The driver is about to be closed.

 _________________________________________________
=== > *** Verify user cannot register in the system with invalid data *** < ===
STEP 1: Not logged in user has opened the ISkilo HomePage.
DOM tree is fully loaded
STEP 2: The user clicks on the login button.
The user has clicked on element
STEP 3: The user clicks on the registration link.
The user has clicked on element
STEP 4: The user provides invalid registration data.
The user has clicked on element
STEP 5: Checking if registration error message is displayed.
Registration Error Message: Email invalid!
]]></system-out>
    <system-err><![CDATA[Aug 06, 2024 12:28:42 PM org.openqa.selenium.devtools.CdpVersionFinder findNearestMatch
WARNING: Unable to find an exact match for CDP version 127, returning the closest version; found: 125; Please update to a Selenium version that supports CDP version 127
]]></system-err>
  </testcase>
  <testcase name="verifyAlreadyRegisteredUserCanSuccessfullyLogin" classname="com.myp.gui.RegistrationTest" time="2.907">
    <system-out><![CDATA[The driver is about to be closed.

 _________________________________________________
=== > *** Verify already registered user can successfully login in the system  *** < ===
STEP 1: Not logged in user has opened the ISkilo HomePage.
DOM tree is fully loaded
STEP 2: Verifying that home page is opened.
ACTION @ The user is verifying if the Home page is opened
CONFIRM # Home page is opened
STEP 3: The user clicks on the login button.
The user has clicked on element
STEP 4: Verifying that login page is opened.
STEP 5: The user provides username and password.
STEP 6: Submitting the login form.
DOM tree is fully loaded
The user has clicked on element
STEP 7: Verifying that the user is logged in.
]]></system-out>
    <system-err><![CDATA[Aug 06, 2024 12:28:46 PM org.openqa.selenium.devtools.CdpVersionFinder findNearestMatch
WARNING: Unable to find an exact match for CDP version 127, returning the closest version; found: 125; Please update to a Selenium version that supports CDP version 127
]]></system-err>
  </testcase>
  <testcase name="verifyAlreadyRegisteredUserCanSuccessfullyLoginAndNavigateToEditProfile" classname="com.myp.gui.RegistrationTest" time="3.683">
    <system-out><![CDATA[The driver is about to be closed.

 _________________________________________________
=== > *** Verify already registered user can successfully login in the system navigate to edit profile and edit *** < ===
STEP 1: Not logged in user has opened the ISkilo HomePage.
DOM tree is fully loaded
STEP 2: Verifying that home page is opened.
ACTION @ The user is verifying if the Home page is opened
CONFIRM # Home page is opened
STEP 3: The user clicks on the login button.
The user has clicked on element
STEP 4: Verifying that login page is opened.
STEP 5: The user provides username and password.
STEP 6: Submitting the login form.
DOM tree is fully loaded
The user has clicked on element
STEP 7: Verifying that the user is logged in.
STEP 8: The user clicks on the profile button.
The user has clicked on element
STEP 9: Verifying that profile page is opened.
STEP 10: The user clicks on the edit profile icon.
The user has clicked on element
]]></system-out>
    <system-err><![CDATA[Aug 06, 2024 12:28:50 PM org.openqa.selenium.devtools.CdpVersionFinder findNearestMatch
WARNING: Unable to find an exact match for CDP version 127, returning the closest version; found: 125; Please update to a Selenium version that supports CDP version 127
]]></system-err>
  </testcase>
  <testcase name="verifyAlreadyRegisteredUserCanNotSuccessfullyLoginWithWrongPassword" classname="com.myp.gui.RegistrationTest" time="3.13">
    <failure message="expected [Successful login!] but found [Ivalid password]" type="java.lang.AssertionError"><![CDATA[java.lang.AssertionError: expected [Successful login!] but found [Ivalid password]
	at org.testng.Assert.fail(Assert.java:111)
	at org.testng.Assert.failNotEquals(Assert.java:1578)
	at org.testng.Assert.assertEqualsImpl(Assert.java:150)
	at org.testng.Assert.assertEquals(Assert.java:132)
	at org.testng.Assert.assertEquals(Assert.java:656)
	at org.testng.Assert.assertEquals(Assert.java:666)
	at com.myp.POM.LoginPage.msgStatusAfterSubmitSuccessfulLogin(LoginPage.java:95)
	at com.myp.gui.RegistrationTest.verifyAlreadyRegisteredUserCanNotSuccessfullyLoginWithWrongPassword(RegistrationTest.java:153)
	at java.base/jdk.internal.reflect.DirectMethodHandleAccessor.invoke(DirectMethodHandleAccessor.java:103)
	at java.base/java.lang.reflect.Method.invoke(Method.java:580)
	at org.testng.internal.invokers.MethodInvocationHelper.invokeMethod(MethodInvocationHelper.java:141)
	at org.testng.internal.invokers.TestInvoker.invokeMethod(TestInvoker.java:686)
	at org.testng.internal.invokers.TestInvoker.invokeTestMethod(TestInvoker.java:230)
	at org.testng.internal.invokers.MethodRunner.runInSequence(MethodRunner.java:63)
	at org.testng.internal.invokers.TestInvoker$MethodInvocationAgent.invoke(TestInvoker.java:992)
	at org.testng.internal.invokers.TestInvoker.invokeTestMethods(TestInvoker.java:203)
	at org.testng.internal.invokers.TestMethodWorker.invokeTestMethods(TestMethodWorker.java:154)
	at org.testng.internal.invokers.TestMethodWorker.run(TestMethodWorker.java:134)
	at java.base/java.util.ArrayList.forEach(ArrayList.java:1596)
	at org.testng.TestRunner.privateRun(TestRunner.java:739)
	at org.testng.TestRunner.run(TestRunner.java:614)
	at org.testng.SuiteRunner.runTest(SuiteRunner.java:421)
	at org.testng.SuiteRunner.runSequentially(SuiteRunner.java:413)
	at org.testng.SuiteRunner.privateRun(SuiteRunner.java:373)
	at org.testng.SuiteRunner.run(SuiteRunner.java:312)
	at org.testng.SuiteRunnerWorker.runSuite(SuiteRunnerWorker.java:52)
	at org.testng.SuiteRunnerWorker.run(SuiteRunnerWorker.java:95)
	at org.testng.TestNG.runSuitesSequentially(TestNG.java:1274)
	at org.testng.TestNG.runSuitesLocally(TestNG.java:1208)
	at org.testng.TestNG.runSuites(TestNG.java:1112)
	at org.testng.TestNG.run(TestNG.java:1079)
	at org.apache.maven.surefire.testng.TestNGExecutor.run(TestNGExecutor.java:324)
	at org.apache.maven.surefire.testng.TestNGXmlTestSuite.execute(TestNGXmlTestSuite.java:74)
	at org.apache.maven.surefire.testng.TestNGProvider.invoke(TestNGProvider.java:123)
	at org.apache.maven.surefire.booter.ForkedBooter.runSuitesInProcess(ForkedBooter.java:456)
	at org.apache.maven.surefire.booter.ForkedBooter.execute(ForkedBooter.java:169)
	at org.apache.maven.surefire.booter.ForkedBooter.run(ForkedBooter.java:595)
	at org.apache.maven.surefire.booter.ForkedBooter.main(ForkedBooter.java:581)
]]></failure>
    <system-out><![CDATA[The driver is about to be closed.

 _________________________________________________
=== > *** Verify already registered user can not successfully login with wrong password *** < ===
STEP 1: Not logged in user has opened the ISkilo HomePage.
DOM tree is fully loaded
STEP 2: Verifying that home page is opened.
ACTION @ The user is verifying if the Home page is opened
CONFIRM # Home page is opened
STEP 3: The user clicks on the login button.
The user has clicked on element
STEP 4: Verifying that login page is opened.
STEP 5: The user provides username and wrong password.
STEP 6: Submitting the login form.
The user has clicked on element
STEP 7: Verifying that the user is not logged in.
]]></system-out>
    <system-err><![CDATA[Aug 06, 2024 12:28:55 PM org.openqa.selenium.devtools.CdpVersionFinder findNearestMatch
WARNING: Unable to find an exact match for CDP version 127, returning the closest version; found: 125; Please update to a Selenium version that supports CDP version 127
]]></system-err>
  </testcase>
</testsuite>